<?xml version="1.0" encoding="UTF-8" standalone="no"?>
<testsuite errors="0" failures="1" name="io.cucumber.core.plugin.JUnitFormatter" skipped="0" tests="8" time="259.797">
    <testcase classname="Login Feature" name="TCLP001 Login Menggunakan Credential Valid" time="52.688">
        <system-out><![CDATA[Given TCLP001 Mengakses Halaman Login.......................................passed
And TCLP001 Validasi Berada Di Halaman Login................................passed
And TCLP001 Clear Input Username Dan Password...............................passed
And TCLP001 Input Username Di FIeld Username................................passed
And TCLP001 Input Password Di Field Password................................passed
And TCLP001 Tekan Tombol Login..............................................passed
And TCLP001 Validasi Halaman Home...........................................passed
And TCLP001 Tekan Dropdown Menuju Logout....................................passed
And TCLP001 Tekan Tombol Logout.............................................passed
Then TCLP001 Validasi Berhasil Logout.......................................passed
]]></system-out>
    </testcase>
    <testcase classname="Login Feature" name="TCLN001 Login Menggunakan Username Dan Password Kosong" time="28.698">
        <system-out><![CDATA[Given TCLN001 Mengakses Halaman Login.......................................passed
And TCLN001 Validasi Halaman Login..........................................passed
And TCLN001 Clear Input Username Dan Password...............................passed
And TCLN001 Input Username Empty String.....................................passed
And TCLN001 Input Password Empty String.....................................passed
And TCLN001 Tekan Tombol Login..............................................passed
Then TCLN001 Validasi Setelah Tombol Di Tekan...............................passed
]]></system-out>
    </testcase>
    <testcase classname="Login Feature" name="TCLN002 Login Menggunakan Username Valid Password Tidak Valid" time="28.764">
        <system-out><![CDATA[Given TCLN002 Mengakses Halaman Login.......................................passed
And TCLN002 Validasi Halaman Login..........................................passed
And TCLN002 Clear Input Username Dan Password...............................passed
And TCLN002 Input Username Valid............................................passed
And TCLN002 Input Password Tidak Valid......................................passed
And TCLN002 Tekan Tombol Login..............................................passed
Then TCLN002 Validasi Setelah Tombol Di Tekan...............................passed
]]></system-out>
    </testcase>
    <testcase classname="Login Feature" name="TCLN003 Login Menggunakan Username Tidak Valid Password Valid" time="28.83">
        <system-out><![CDATA[Given TCLN003 Mengakses Halaman Login.......................................passed
And TCLN003 Validasi Halaman Login..........................................passed
And TCLN003 Clear Input Username Dan Password...............................passed
And TCLN003 Input Username Tidak Valid......................................passed
And TCLN003 Input Password Valid............................................passed
And TCLN003 Tekan Tombol Login..............................................passed
Then TCLN003 Validasi Setelah Tombol Di Tekan...............................passed
]]></system-out>
    </testcase>
    <testcase classname="Login Feature" name="TCLN004 Login Menggunakan Username Kosong Password Valid" time="29.685">
        <system-out><![CDATA[Given TCLN004 Mengakses Halaman Login.......................................passed
And TCLN004 Validasi Halaman Login..........................................passed
And TCLN004 Clear Input Username Dan Password...............................passed
And TCLN004 Input Username Kosong...........................................passed
And TCLN004 Input Password Valid............................................passed
And TCLN004 Tekan Tombol Login..............................................passed
Then TCLN004 Validasi Setelah Tombol Di Tekan...............................passed
]]></system-out>
    </testcase>
    <testcase classname="Login Feature" name="TCLN005 Login Menggunakan Username Kosong Password Tidak Valid" time="29.058">
        <system-out><![CDATA[Given TCLN005 Mengakses Halaman Login.......................................passed
And TCLN005 Validasi Halaman Login..........................................passed
And TCLN005 Clear Input Username Dan Password...............................passed
And TCLN005 Input Username Kosong...........................................passed
And TCLN005 Input Password Tidak Valid......................................passed
And TCLN005 Tekan Tombol Login..............................................passed
Then TCLN005 Validasi Setelah Tombol Di Tekan...............................passed
]]></system-out>
    </testcase>
    <testcase classname="Login Feature" name="TCLN006 Login Menggunakan Username Valid Password Kosong" time="29.161">
        <system-out><![CDATA[Given TCLN006 Mengakses Halaman Login.......................................passed
And TCLN006 V6alidasi Halaman Login.........................................passed
And TCLN006 Clear Input Username Dan Password...............................passed
And TCLN006 Input Username Valid............................................passed
And TCLN006 Input Password Kosong...........................................passed
And TCLN006 Tekan Tombol Login..............................................passed
Then TCLN006 Validasi Setelah Tombol Di Tekan...............................passed
]]></system-out>
    </testcase>
    <testcase classname="Login Feature" name="TCLN007 Login Menggunakan Username Tidak Valid Password Kosong" time="29.226">
        <failure message="Expected condition failed: waiting for visibility of Proxy element for: DefaultElementLocator 'By.xpath: //div[@class='orangehrm-login-slot-wrapper']//div[1]//div[1]//span[1]' (tried for 3 second(s) with 500 milliseconds interval)" type="org.openqa.selenium.TimeoutException"><![CDATA[Given TCLN007 Mengakses Halaman Login.......................................passed
And TCLN007 Validasi Halaman Login..........................................passed
And TCLN007 Clear Input Username Dan Password...............................passed
And TCLN007 Input Username Tidak Valid......................................passed
And TCLN007 Input Password Kosong...........................................passed
And TCLN007 Tekan Tombol Login..............................................passed
Then TCLN007 Validasi Setelah Tombol Di Tekan...............................failed

StackTrace:
org.openqa.selenium.TimeoutException: Expected condition failed: waiting for visibility of Proxy element for: DefaultElementLocator 'By.xpath: //div[@class='orangehrm-login-slot-wrapper']//div[1]//div[1]//span[1]' (tried for 3 second(s) with 500 milliseconds interval)
	at org.openqa.selenium.support.ui.WebDriverWait.timeoutException(WebDriverWait.java:84)
	at org.openqa.selenium.support.ui.FluentWait.until(FluentWait.java:228)
	at com.juaracoding.TestOrangeHrm.page.LoginPage.getTxtAlert1(LoginPage.java:82)
	at com.juaracoding.TestOrangeHrm.impl.LoginNegatif.tcln007_validasi_setelah_tombol_di_tekan(LoginNegatif.java:296)
	at âœ½.TCLN007 Validasi Setelah Tombol Di Tekan(file:///D:/JuaraCoding/TestOrangeHrm/src/main/resources/features/002TestLoginNegatif.feature:63)
Caused by: org.openqa.selenium.NoSuchElementException: no such element: Unable to locate element: {"method":"xpath","selector":"//div[@class='orangehrm-login-slot-wrapper']//div[1]//div[1]//span[1]"}
  (Session info: chrome=128.0.6613.114)
For documentation on this error, please visit: https://www.selenium.dev/documentation/webdriver/troubleshooting/errors#no-such-element-exception
Build info: version: '4.20.0', revision: '866c76ca80'
System info: os.name: 'Windows 10', os.arch: 'amd64', os.version: '10.0', java.version: '17.0.10'
Driver info: org.openqa.selenium.chrome.ChromeDriver
Command: [9a32879cdaa5bd222174f79fe832cefa, findElement {value=//div[@class='orangehrm-login-slot-wrapper']//div[1]//div[1]//span[1], using=xpath}]
Capabilities {acceptInsecureCerts: false, browserName: chrome, browserVersion: 128.0.6613.114, chrome: {chromedriverVersion: 128.0.6613.119 (6e439cfca4d..., userDataDir: C:\Users\Acer\AppData\Local...}, fedcm:accounts: true, goog:chromeOptions: {debuggerAddress: localhost:54620}, networkConnectionEnabled: false, pageLoadStrategy: normal, platformName: windows, proxy: Proxy(), se:cdp: ws://localhost:54620/devtoo..., se:cdpVersion: 128.0.6613.114, setWindowRect: true, strictFileInteractability: false, timeouts: {implicit: 0, pageLoad: 300000, script: 30000}, unhandledPromptBehavior: dismiss and notify, webauthn:extension:credBlob: true, webauthn:extension:largeBlob: true, webauthn:extension:minPinLength: true, webauthn:extension:prf: true, webauthn:virtualAuthenticators: true}
Session ID: 9a32879cdaa5bd222174f79fe832cefa
	at java.base/jdk.internal.reflect.NativeConstructorAccessorImpl.newInstance0(Native Method)
	at java.base/jdk.internal.reflect.NativeConstructorAccessorImpl.newInstance(NativeConstructorAccessorImpl.java:77)
	at java.base/jdk.internal.reflect.DelegatingConstructorAccessorImpl.newInstance(DelegatingConstructorAccessorImpl.java:45)
	at java.base/java.lang.reflect.Constructor.newInstanceWithCaller(Constructor.java:499)
	at java.base/java.lang.reflect.Constructor.newInstance(Constructor.java:480)
	at org.openqa.selenium.remote.ErrorCodec.decode(ErrorCodec.java:167)
	at org.openqa.selenium.remote.codec.w3c.W3CHttpResponseCodec.decode(W3CHttpResponseCodec.java:138)
	at org.openqa.selenium.remote.codec.w3c.W3CHttpResponseCodec.decode(W3CHttpResponseCodec.java:50)
	at org.openqa.selenium.remote.HttpCommandExecutor.execute(HttpCommandExecutor.java:190)
	at org.openqa.selenium.remote.service.DriverCommandExecutor.invokeExecute(DriverCommandExecutor.java:216)
	at org.openqa.selenium.remote.service.DriverCommandExecutor.execute(DriverCommandExecutor.java:174)
	at org.openqa.selenium.remote.RemoteWebDriver.execute(RemoteWebDriver.java:518)
	at org.openqa.selenium.remote.ElementLocation$ElementFinder$2.findElement(ElementLocation.java:165)
	at org.openqa.selenium.remote.ElementLocation.findElement(ElementLocation.java:59)
	at org.openqa.selenium.remote.RemoteWebDriver.findElement(RemoteWebDriver.java:355)
	at org.openqa.selenium.remote.RemoteWebDriver.findElement(RemoteWebDriver.java:349)
	at org.openqa.selenium.support.pagefactory.DefaultElementLocator.findElement(DefaultElementLocator.java:68)
	at org.openqa.selenium.support.pagefactory.internal.LocatingElementHandler.invoke(LocatingElementHandler.java:38)
	at jdk.proxy2/jdk.proxy2.$Proxy26.isDisplayed(Unknown Source)
	at org.openqa.selenium.support.ui.ExpectedConditions.elementIfVisible(ExpectedConditions.java:304)
	at org.openqa.selenium.support.ui.ExpectedConditions$10.apply(ExpectedConditions.java:290)
	at org.openqa.selenium.support.ui.ExpectedConditions$10.apply(ExpectedConditions.java:287)
	at org.openqa.selenium.support.ui.FluentWait.until(FluentWait.java:203)
	at com.juaracoding.TestOrangeHrm.page.LoginPage.getTxtAlert1(LoginPage.java:82)
	at com.juaracoding.TestOrangeHrm.impl.LoginNegatif.tcln007_validasi_setelah_tombol_di_tekan(LoginNegatif.java:296)
	at java.base/jdk.internal.reflect.NativeMethodAccessorImpl.invoke0(Native Method)
	at java.base/jdk.internal.reflect.NativeMethodAccessorImpl.invoke(NativeMethodAccessorImpl.java:77)
	at java.base/jdk.internal.reflect.DelegatingMethodAccessorImpl.invoke(DelegatingMethodAccessorImpl.java:43)
	at java.base/java.lang.reflect.Method.invoke(Method.java:568)
	at io.cucumber.java.Invoker.doInvoke(Invoker.java:66)
	at io.cucumber.java.Invoker.invoke(Invoker.java:24)
	at io.cucumber.java.AbstractGlueDefinition.invokeMethod(AbstractGlueDefinition.java:47)
	at io.cucumber.java.JavaStepDefinition.execute(JavaStepDefinition.java:29)
	at io.cucumber.core.runner.CoreStepDefinition.execute(CoreStepDefinition.java:66)
	at io.cucumber.core.runner.PickleStepDefinitionMatch.runStep(PickleStepDefinitionMatch.java:63)
	at io.cucumber.core.runner.ExecutionMode$1.execute(ExecutionMode.java:10)
	at io.cucumber.core.runner.TestStep.executeStep(TestStep.java:85)
	at io.cucumber.core.runner.TestStep.run(TestStep.java:57)
	at io.cucumber.core.runner.PickleStepTestStep.run(PickleStepTestStep.java:51)
	at io.cucumber.core.runner.TestCase.run(TestCase.java:84)
	at io.cucumber.core.runner.Runner.runPickle(Runner.java:75)
	at io.cucumber.testng.TestNGCucumberRunner.lambda$runScenario$1(TestNGCucumberRunner.java:132)
	at io.cucumber.core.runtime.CucumberExecutionContext.lambda$runTestCase$5(CucumberExecutionContext.java:129)
	at io.cucumber.core.runtime.RethrowingThrowableCollector.executeAndThrow(RethrowingThrowableCollector.java:23)
	at io.cucumber.core.runtime.CucumberExecutionContext.runTestCase(CucumberExecutionContext.java:129)
	at io.cucumber.testng.TestNGCucumberRunner.runScenario(TestNGCucumberRunner.java:129)
	at io.cucumber.testng.AbstractTestNGCucumberTests.runScenario(AbstractTestNGCucumberTests.java:35)
	at java.base/jdk.internal.reflect.NativeMethodAccessorImpl.invoke0(Native Method)
	at java.base/jdk.internal.reflect.NativeMethodAccessorImpl.invoke(NativeMethodAccessorImpl.java:77)
	at java.base/jdk.internal.reflect.DelegatingMethodAccessorImpl.invoke(DelegatingMethodAccessorImpl.java:43)
	at java.base/java.lang.reflect.Method.invoke(Method.java:568)
	at org.testng.internal.invokers.MethodInvocationHelper.invokeMethod(MethodInvocationHelper.java:139)
	at org.testng.internal.invokers.TestInvoker.invokeMethod(TestInvoker.java:677)
	at org.testng.internal.invokers.TestInvoker.invokeTestMethod(TestInvoker.java:221)
	at org.testng.internal.invokers.MethodRunner.runInSequence(MethodRunner.java:50)
	at org.testng.internal.invokers.TestInvoker$MethodInvocationAgent.invoke(TestInvoker.java:962)
	at org.testng.internal.invokers.TestInvoker.invokeTestMethods(TestInvoker.java:194)
	at org.testng.internal.invokers.TestMethodWorker.invokeTestMethods(TestMethodWorker.java:148)
	at org.testng.internal.invokers.TestMethodWorker.run(TestMethodWorker.java:128)
	at java.base/java.util.ArrayList.forEach(ArrayList.java:1511)
	at org.testng.TestRunner.privateRun(TestRunner.java:806)
	at org.testng.TestRunner.run(TestRunner.java:601)
	at org.testng.SuiteRunner.runTest(SuiteRunner.java:433)
	at org.testng.SuiteRunner.runSequentially(SuiteRunner.java:427)
	at org.testng.SuiteRunner.privateRun(SuiteRunner.java:387)
	at org.testng.SuiteRunner.run(SuiteRunner.java:330)
	at org.testng.SuiteRunnerWorker.runSuite(SuiteRunnerWorker.java:52)
	at org.testng.SuiteRunnerWorker.run(SuiteRunnerWorker.java:95)
	at org.testng.TestNG.runSuitesSequentially(TestNG.java:1256)
	at org.testng.TestNG.runSuitesLocally(TestNG.java:1176)
	at org.testng.TestNG.runSuites(TestNG.java:1099)
	at org.testng.TestNG.run(TestNG.java:1067)
	at com.intellij.rt.testng.IDEARemoteTestNG.run(IDEARemoteTestNG.java:65)
	at com.intellij.rt.testng.RemoteTestNGStarter.main(RemoteTestNGStarter.java:105)
]]></failure>
    </testcase>
</testsuite>
